<?xml version="1.0" encoding="UTF-8"?>
<testsuites name="jest tests" tests="2" failures="0" time="0.935">
  <testsuite name="List tests" errors="0" failures="0" skipped="0" timestamp="2023-04-11T07:43:28" time="0.685" tests="2">
    <testcase classname="List tests" name="Poprawnie wyświetla H1 z loaderem" time="0.016">
    </testcase>
    <testcase classname="List tests" name="Poprawnie wyświetla H1 z powitaniem &quot;Witaj&quot; po 2 sekundach" time="0.001">
    </testcase>
  </testsuite>
</testsuites>